<?xml version="1.0" encoding="UTF-8"?>
<!-- Generated by org.testng.reporters.JUnitXMLReporter -->
<testsuite ignored="0" hostname="Mrunmayee" failures="0" tests="3" name="Test" time="22.126" errors="0" timestamp="2024-11-26T22:34:21 IST">
  <testcase classname="testngtest.login" name="loginPagechrome" time="7.14"/>
  <testcase classname="testngtest.login" name="loginPagefirefox" time="8.695"/>
  <testcase classname="testngtest.login" name="loginPageedge" time="6.173"/>
</testsuite> <!-- Test -->
