<?xml version="1.0" encoding="UTF-8"?>
<testng-results ignored="0" total="3" passed="3" failed="0" skipped="0">
  <reporter-output>
  </reporter-output>
  <suite started-at="2024-11-26T22:33:59 IST" name="Suite" finished-at="2024-11-26T22:34:21 IST" duration-ms="22126">
    <groups>
    </groups>
    <test started-at="2024-11-26T22:33:59 IST" name="Test" finished-at="2024-11-26T22:34:21 IST" duration-ms="22126">
      <class name="testngtest.login">
        <test-method signature="loginPagechrome(java.lang.String,java.lang.String)[pri:-1, instance:testngtest.login@4a22f9e2]" started-at="2024-11-26T22:33:59 IST" name="loginPagechrome" finished-at="2024-11-26T22:34:06 IST" duration-ms="7140" status="PASS">
          <params>
            <param index="0">
              <value>
                <![CDATA[Milind19]]>
              </value>
            </param>
            <param index="1">
              <value>
                <![CDATA[Milind@123]]>
              </value>
            </param>
          </params>
          <reporter-output>
          </reporter-output>
        </test-method> <!-- loginPagechrome -->
        <test-method signature="loginPagefirefox(java.lang.String,java.lang.String)[pri:0, instance:testngtest.login@4a22f9e2]" started-at="2024-11-26T22:34:06 IST" name="loginPagefirefox" finished-at="2024-11-26T22:34:15 IST" duration-ms="8695" status="PASS">
          <params>
            <param index="0">
              <value>
                <![CDATA[Milind19]]>
              </value>
            </param>
            <param index="1">
              <value>
                <![CDATA[Milind@123]]>
              </value>
            </param>
          </params>
          <reporter-output>
          </reporter-output>
        </test-method> <!-- loginPagefirefox -->
        <test-method signature="loginPageedge(java.lang.String,java.lang.String)[pri:1, instance:testngtest.login@4a22f9e2]" started-at="2024-11-26T22:34:15 IST" name="loginPageedge" finished-at="2024-11-26T22:34:21 IST" duration-ms="6173" status="PASS">
          <params>
            <param index="0">
              <value>
                <![CDATA[Milind19]]>
              </value>
            </param>
            <param index="1">
              <value>
                <![CDATA[Milind@123]]>
              </value>
            </param>
          </params>
          <reporter-output>
          </reporter-output>
        </test-method> <!-- loginPageedge -->
      </class> <!-- testngtest.login -->
    </test> <!-- Test -->
  </suite> <!-- Suite -->
</testng-results>
